{"name":"hexo","hostname":"JDWEB","pid":11972,"level":20,"msg":"Hexo version: \u001b[35m3.7.1\u001b[39m","time":"2018-09-07T09:16:30.607Z","v":0}
{"name":"hexo","hostname":"JDWEB","pid":11972,"level":20,"msg":"Working directory: \u001b[35md:\\Projects\\hexo_blog\\\u001b[39m","time":"2018-09-07T09:16:30.612Z","v":0}
{"name":"hexo","hostname":"JDWEB","pid":11972,"level":20,"msg":"Config loaded: \u001b[35md:\\Projects\\hexo_blog\\_config.yml\u001b[39m","time":"2018-09-07T09:16:30.883Z","v":0}
{"name":"hexo","hostname":"JDWEB","pid":11972,"level":20,"msg":"Plugin loaded: \u001b[35mhexo-deployer-git\u001b[39m","time":"2018-09-07T09:16:30.990Z","v":0}
{"name":"hexo","hostname":"JDWEB","pid":11972,"level":20,"msg":"Plugin loaded: \u001b[35mhexo-generator-archive\u001b[39m","time":"2018-09-07T09:16:31.000Z","v":0}
{"name":"hexo","hostname":"JDWEB","pid":11972,"level":20,"msg":"Plugin loaded: \u001b[35mhexo-generator-category\u001b[39m","time":"2018-09-07T09:16:31.005Z","v":0}
{"name":"hexo","hostname":"JDWEB","pid":11972,"level":20,"msg":"Plugin loaded: \u001b[35mhexo-generator-index\u001b[39m","time":"2018-09-07T09:16:31.012Z","v":0}
{"name":"hexo","hostname":"JDWEB","pid":11972,"level":20,"msg":"Plugin loaded: \u001b[35mhexo-generator-tag\u001b[39m","time":"2018-09-07T09:16:31.015Z","v":0}
{"name":"hexo","hostname":"JDWEB","pid":11972,"level":20,"msg":"Plugin loaded: \u001b[35mhexo-renderer-ejs\u001b[39m","time":"2018-09-07T09:16:31.028Z","v":0}
{"name":"hexo","hostname":"JDWEB","pid":11972,"level":20,"msg":"Plugin loaded: \u001b[35mhexo-helper-qrcode\u001b[39m","time":"2018-09-07T09:16:31.046Z","v":0}
{"name":"hexo","hostname":"JDWEB","pid":11972,"level":20,"msg":"Plugin loaded: \u001b[35mhexo-renderer-less\u001b[39m","time":"2018-09-07T09:16:31.226Z","v":0}
{"name":"hexo","hostname":"JDWEB","pid":11972,"level":20,"msg":"Plugin loaded: \u001b[35mhexo-renderer-stylus\u001b[39m","time":"2018-09-07T09:16:31.228Z","v":0}
{"name":"hexo","hostname":"JDWEB","pid":11972,"level":20,"msg":"Plugin loaded: \u001b[35mhexo-generator-json-content\u001b[39m","time":"2018-09-07T09:16:31.329Z","v":0}
{"name":"hexo","hostname":"JDWEB","pid":11972,"level":20,"msg":"Plugin loaded: \u001b[35mhexo-renderer-marked\u001b[39m","time":"2018-09-07T09:16:31.342Z","v":0}
{"name":"hexo","hostname":"JDWEB","pid":11972,"level":20,"msg":"Plugin loaded: \u001b[35mhexo-server\u001b[39m","time":"2018-09-07T09:16:31.579Z","v":0}
{"name":"hexo","hostname":"JDWEB","pid":11972,"level":20,"msg":"Script loaded: \u001b[35mthemes\\indigo\\scripts\\plugins.js\u001b[39m","time":"2018-09-07T09:16:31.584Z","v":0}
{"name":"hexo","hostname":"JDWEB","pid":11972,"level":20,"msg":"Loading database.","time":"2018-09-07T09:16:31.594Z","v":0}
{"name":"hexo","hostname":"JDWEB","pid":11972,"level":30,"msg":"Start processing","time":"2018-09-07T09:16:31.603Z","v":0}
{"name":"hexo","hostname":"JDWEB","pid":11972,"level":20,"msg":"Processed: \u001b[35mCNAME\u001b[39m","time":"2018-09-07T09:16:31.660Z","v":0}
{"name":"hexo","hostname":"JDWEB","pid":11972,"level":20,"msg":"Processed: \u001b[35mfavicon.ico\u001b[39m","time":"2018-09-07T09:16:31.671Z","v":0}
{"name":"hexo","hostname":"JDWEB","pid":11972,"level":20,"msg":"Processed: \u001b[35mimg/sso_001.png\u001b[39m","time":"2018-09-07T09:16:31.809Z","v":0}
{"name":"hexo","hostname":"JDWEB","pid":11972,"level":20,"msg":"Processed: \u001b[35mimg/debug.log\u001b[39m","time":"2018-09-07T09:16:31.828Z","v":0}
{"name":"hexo","hostname":"JDWEB","pid":11972,"level":20,"msg":"Processed: \u001b[35msource/img/alipay.jpg\u001b[39m","time":"2018-09-07T09:16:31.932Z","v":0}
{"name":"hexo","hostname":"JDWEB","pid":11972,"level":20,"msg":"Processed: \u001b[35msource/img/cc.png\u001b[39m","time":"2018-09-07T09:16:31.934Z","v":0}
{"name":"hexo","hostname":"JDWEB","pid":11972,"level":20,"msg":"Processed: \u001b[35msource/img/avatar.jpg\u001b[39m","time":"2018-09-07T09:16:31.935Z","v":0}
{"name":"hexo","hostname":"JDWEB","pid":11972,"level":20,"msg":"Processed: \u001b[35msource/css/style.less\u001b[39m","time":"2018-09-07T09:16:31.936Z","v":0}
{"name":"hexo","hostname":"JDWEB","pid":11972,"level":20,"msg":"Processed: \u001b[35msource/img/img-loading.png\u001b[39m","time":"2018-09-07T09:16:31.938Z","v":0}
{"name":"hexo","hostname":"JDWEB","pid":11972,"level":20,"msg":"Processed: \u001b[35msource/js/search.js\u001b[39m","time":"2018-09-07T09:16:31.939Z","v":0}
{"name":"hexo","hostname":"JDWEB","pid":11972,"level":20,"msg":"Processed: \u001b[35msource/img/brand.jpg\u001b[39m","time":"2018-09-07T09:16:31.940Z","v":0}
{"name":"hexo","hostname":"JDWEB","pid":11972,"level":20,"msg":"Processed: \u001b[35msource/img/img-err.png\u001b[39m","time":"2018-09-07T09:16:31.941Z","v":0}
{"name":"hexo","hostname":"JDWEB","pid":11972,"level":20,"msg":"Processed: \u001b[35msource/js/main.js\u001b[39m","time":"2018-09-07T09:16:31.942Z","v":0}
{"name":"hexo","hostname":"JDWEB","pid":11972,"level":20,"msg":"Processed: \u001b[35msource/js/search.min.js\u001b[39m","time":"2018-09-07T09:16:31.943Z","v":0}
{"name":"hexo","hostname":"JDWEB","pid":11972,"level":20,"msg":"Processed: \u001b[35msource/js/main.min.js\u001b[39m","time":"2018-09-07T09:16:31.944Z","v":0}
{"name":"hexo","hostname":"JDWEB","pid":11972,"level":20,"msg":"Theme config loaded.","time":"2018-09-07T09:16:32.056Z","v":0}
{"name":"hexo","hostname":"JDWEB","pid":11972,"level":20,"msg":"Processed: \u001b[35m_posts/django的跨域请求设置.md\u001b[39m","time":"2018-09-07T09:16:32.068Z","v":0}
{"name":"hexo","hostname":"JDWEB","pid":11972,"level":20,"msg":"Processed: \u001b[35mcategories/index.md\u001b[39m","time":"2018-09-07T09:16:32.071Z","v":0}
{"name":"hexo","hostname":"JDWEB","pid":11972,"level":20,"msg":"Processed: \u001b[35mlanguages/nl-NL\u001b[39m","time":"2018-09-07T09:16:32.074Z","v":0}
{"name":"hexo","hostname":"JDWEB","pid":11972,"level":20,"msg":"Processed: \u001b[35mlanguages/ja.yml\u001b[39m","time":"2018-09-07T09:16:32.075Z","v":0}
{"name":"hexo","hostname":"JDWEB","pid":11972,"level":20,"msg":"Processed: \u001b[35m_config.yml\u001b[39m","time":"2018-09-07T09:16:32.079Z","v":0}
{"name":"hexo","hostname":"JDWEB","pid":11972,"level":20,"msg":"Processed: \u001b[35mabout/index.md\u001b[39m","time":"2018-09-07T09:16:32.083Z","v":0}
{"name":"hexo","hostname":"JDWEB","pid":11972,"level":20,"msg":"Processed: \u001b[35m_posts/js变量在内存的存放解惑.md\u001b[39m","time":"2018-09-07T09:16:32.086Z","v":0}
{"name":"hexo","hostname":"JDWEB","pid":11972,"level":20,"msg":"Processed: \u001b[35mtags/index.md\u001b[39m","time":"2018-09-07T09:16:32.087Z","v":0}
{"name":"hexo","hostname":"JDWEB","pid":11972,"level":20,"msg":"Processed: \u001b[35msource/img/wechat.jpg\u001b[39m","time":"2018-09-07T09:16:32.088Z","v":0}
{"name":"hexo","hostname":"JDWEB","pid":11972,"level":20,"msg":"Processed: \u001b[35m_posts/post请求的提交数据的几种方式.md\u001b[39m","time":"2018-09-07T09:16:32.100Z","v":0}
{"name":"hexo","hostname":"JDWEB","pid":11972,"level":20,"msg":"Processed: \u001b[35m_posts/js中的作用域.md\u001b[39m","time":"2018-09-07T09:16:32.108Z","v":0}
{"name":"hexo","hostname":"JDWEB","pid":11972,"level":20,"msg":"Processed: \u001b[35m_posts/单点登录的实现方式.md\u001b[39m","time":"2018-09-07T09:16:32.113Z","v":0}
{"name":"hexo","hostname":"JDWEB","pid":11972,"level":20,"msg":"Processed: \u001b[35m_posts/css中如何使用wwebpack路径别名.md\u001b[39m","time":"2018-09-07T09:16:32.118Z","v":0}
{"name":"hexo","hostname":"JDWEB","pid":11972,"level":20,"msg":"Processed: \u001b[35m_posts/node在Windows下的安装与配置.md\u001b[39m","time":"2018-09-07T09:16:32.120Z","v":0}
{"name":"hexo","hostname":"JDWEB","pid":11972,"level":20,"msg":"Processed: \u001b[35m_posts/vue中引入图片的方式.md\u001b[39m","time":"2018-09-07T09:16:32.121Z","v":0}
{"name":"hexo","hostname":"JDWEB","pid":11972,"level":20,"msg":"Processed: \u001b[35m_posts/将本地代码关联到远程仓库.md\u001b[39m","time":"2018-09-07T09:16:32.122Z","v":0}
{"name":"hexo","hostname":"JDWEB","pid":11972,"level":20,"msg":"Processed: \u001b[35mlayout/category.ejs\u001b[39m","time":"2018-09-07T09:16:32.180Z","v":0}
{"name":"hexo","hostname":"JDWEB","pid":11972,"level":20,"msg":"Processed: \u001b[35mlayout/archive.ejs\u001b[39m","time":"2018-09-07T09:16:32.184Z","v":0}
{"name":"hexo","hostname":"JDWEB","pid":11972,"level":20,"msg":"Processed: \u001b[35mlayout/categories.ejs\u001b[39m","time":"2018-09-07T09:16:32.190Z","v":0}
{"name":"hexo","hostname":"JDWEB","pid":11972,"level":20,"msg":"Processed: \u001b[35mlayout/index.ejs\u001b[39m","time":"2018-09-07T09:16:32.191Z","v":0}
{"name":"hexo","hostname":"JDWEB","pid":11972,"level":20,"msg":"Processed: \u001b[35mlayout/layout.ejs\u001b[39m","time":"2018-09-07T09:16:32.192Z","v":0}
{"name":"hexo","hostname":"JDWEB","pid":11972,"level":20,"msg":"Processed: \u001b[35mlayout/tag.ejs\u001b[39m","time":"2018-09-07T09:16:32.192Z","v":0}
{"name":"hexo","hostname":"JDWEB","pid":11972,"level":20,"msg":"Processed: \u001b[35m_posts/hello-world.md\u001b[39m","time":"2018-09-07T09:16:32.195Z","v":0}
{"name":"hexo","hostname":"JDWEB","pid":11972,"level":20,"msg":"Processed: \u001b[35mlanguages/zh-TW.yml\u001b[39m","time":"2018-09-07T09:16:32.196Z","v":0}
{"name":"hexo","hostname":"JDWEB","pid":11972,"level":20,"msg":"Processed: \u001b[35mlanguages/zh-CN.yml\u001b[39m","time":"2018-09-07T09:16:32.196Z","v":0}
{"name":"hexo","hostname":"JDWEB","pid":11972,"level":20,"msg":"Processed: \u001b[35mlanguages/en.yml\u001b[39m","time":"2018-09-07T09:16:32.196Z","v":0}
{"name":"hexo","hostname":"JDWEB","pid":11972,"level":20,"msg":"Processed: \u001b[35mlayout/post.ejs\u001b[39m","time":"2018-09-07T09:16:32.263Z","v":0}
{"name":"hexo","hostname":"JDWEB","pid":11972,"level":20,"msg":"Processed: \u001b[35mlayout/tags.ejs\u001b[39m","time":"2018-09-07T09:16:32.264Z","v":0}
{"name":"hexo","hostname":"JDWEB","pid":11972,"level":20,"msg":"Processed: \u001b[35mlayout/_partial/after-footer.ejs\u001b[39m","time":"2018-09-07T09:16:32.264Z","v":0}
{"name":"hexo","hostname":"JDWEB","pid":11972,"level":20,"msg":"Processed: \u001b[35mlayout/_partial/footer.ejs\u001b[39m","time":"2018-09-07T09:16:32.264Z","v":0}
{"name":"hexo","hostname":"JDWEB","pid":11972,"level":20,"msg":"Processed: \u001b[35mlayout/page.ejs\u001b[39m","time":"2018-09-07T09:16:32.265Z","v":0}
{"name":"hexo","hostname":"JDWEB","pid":11972,"level":20,"msg":"Processed: \u001b[35mlayout/_partial/loading.ejs\u001b[39m","time":"2018-09-07T09:16:32.265Z","v":0}
{"name":"hexo","hostname":"JDWEB","pid":11972,"level":20,"msg":"Processed: \u001b[35mlayout/_partial/archive.ejs\u001b[39m","time":"2018-09-07T09:16:32.265Z","v":0}
{"name":"hexo","hostname":"JDWEB","pid":11972,"level":20,"msg":"Processed: \u001b[35mlayout/_partial/header.ejs\u001b[39m","time":"2018-09-07T09:16:32.266Z","v":0}
{"name":"hexo","hostname":"JDWEB","pid":11972,"level":20,"msg":"Processed: \u001b[35mlayout/_partial/paginator.ejs\u001b[39m","time":"2018-09-07T09:16:32.266Z","v":0}
{"name":"hexo","hostname":"JDWEB","pid":11972,"level":20,"msg":"Processed: \u001b[35mlayout/_partial/index-item.ejs\u001b[39m","time":"2018-09-07T09:16:32.280Z","v":0}
{"name":"hexo","hostname":"JDWEB","pid":11972,"level":20,"msg":"Processed: \u001b[35mlayout/_partial/post.ejs\u001b[39m","time":"2018-09-07T09:16:32.281Z","v":0}
{"name":"hexo","hostname":"JDWEB","pid":11972,"level":20,"msg":"Processed: \u001b[35mlayout/_partial/menu.ejs\u001b[39m","time":"2018-09-07T09:16:32.281Z","v":0}
{"name":"hexo","hostname":"JDWEB","pid":11972,"level":20,"msg":"Processed: \u001b[35mlayout/_partial/head.ejs\u001b[39m","time":"2018-09-07T09:16:32.281Z","v":0}
{"name":"hexo","hostname":"JDWEB","pid":11972,"level":20,"msg":"Processed: \u001b[35mlayout/_partial/search.ejs\u001b[39m","time":"2018-09-07T09:16:32.282Z","v":0}
{"name":"hexo","hostname":"JDWEB","pid":11972,"level":20,"msg":"Processed: \u001b[35mlayout/_partial/script.ejs\u001b[39m","time":"2018-09-07T09:16:32.282Z","v":0}
{"name":"hexo","hostname":"JDWEB","pid":11972,"level":20,"msg":"Processed: \u001b[35mlayout/_partial/tags-bar.ejs\u001b[39m","time":"2018-09-07T09:16:32.283Z","v":0}
{"name":"hexo","hostname":"JDWEB","pid":11972,"level":20,"msg":"Processed: \u001b[35msource/css/fonts/roboto/Roboto-Bold.eot\u001b[39m","time":"2018-09-07T09:16:32.287Z","v":0}
{"name":"hexo","hostname":"JDWEB","pid":11972,"level":20,"msg":"Processed: \u001b[35msource/css/fonts/roboto/Roboto-Light.eot\u001b[39m","time":"2018-09-07T09:16:32.289Z","v":0}
{"name":"hexo","hostname":"JDWEB","pid":11972,"level":20,"msg":"Processed: \u001b[35msource/css/fonts/roboto/Roboto-Light.woff2\u001b[39m","time":"2018-09-07T09:16:32.290Z","v":0}
{"name":"hexo","hostname":"JDWEB","pid":11972,"level":20,"msg":"Processed: \u001b[35msource/css/fonts/roboto/Roboto-Light.woff\u001b[39m","time":"2018-09-07T09:16:32.291Z","v":0}
{"name":"hexo","hostname":"JDWEB","pid":11972,"level":20,"msg":"Processed: \u001b[35msource/css/fonts/roboto/Roboto-Medium.woff\u001b[39m","time":"2018-09-07T09:16:32.292Z","v":0}
{"name":"hexo","hostname":"JDWEB","pid":11972,"level":20,"msg":"Processed: \u001b[35msource/css/fonts/roboto/Roboto-Bold.woff2\u001b[39m","time":"2018-09-07T09:16:32.294Z","v":0}
{"name":"hexo","hostname":"JDWEB","pid":11972,"level":20,"msg":"Processed: \u001b[35msource/css/fonts/roboto/Roboto-Medium.woff2\u001b[39m","time":"2018-09-07T09:16:32.296Z","v":0}
{"name":"hexo","hostname":"JDWEB","pid":11972,"level":20,"msg":"Processed: \u001b[35msource/css/fonts/roboto/Roboto-Medium.eot\u001b[39m","time":"2018-09-07T09:16:32.298Z","v":0}
{"name":"hexo","hostname":"JDWEB","pid":11972,"level":20,"msg":"Processed: \u001b[35msource/css/fonts/roboto/Roboto-Regular.woff\u001b[39m","time":"2018-09-07T09:16:32.299Z","v":0}
{"name":"hexo","hostname":"JDWEB","pid":11972,"level":20,"msg":"Processed: \u001b[35msource/css/fonts/roboto/Roboto-Bold.woff\u001b[39m","time":"2018-09-07T09:16:32.301Z","v":0}
{"name":"hexo","hostname":"JDWEB","pid":11972,"level":20,"msg":"Processed: \u001b[35msource/css/fonts/roboto/Roboto-Thin.eot\u001b[39m","time":"2018-09-07T09:16:32.303Z","v":0}
{"name":"hexo","hostname":"JDWEB","pid":11972,"level":20,"msg":"Processed: \u001b[35msource/css/fonts/roboto/Roboto-Regular.woff2\u001b[39m","time":"2018-09-07T09:16:32.303Z","v":0}
{"name":"hexo","hostname":"JDWEB","pid":11972,"level":20,"msg":"Processed: \u001b[35msource/css/fonts/roboto/Roboto-Thin.woff2\u001b[39m","time":"2018-09-07T09:16:32.303Z","v":0}
{"name":"hexo","hostname":"JDWEB","pid":11972,"level":20,"msg":"Processed: \u001b[35msource/css/fonts/roboto/Roboto-Thin.woff\u001b[39m","time":"2018-09-07T09:16:32.304Z","v":0}
{"name":"hexo","hostname":"JDWEB","pid":11972,"level":20,"msg":"Processed: \u001b[35msource/css/fonts/roboto/Roboto-Regular.eot\u001b[39m","time":"2018-09-07T09:16:32.311Z","v":0}
{"name":"hexo","hostname":"JDWEB","pid":11972,"level":20,"msg":"Processed: \u001b[35msource/css/fonts/fontawesome/fontawesome-webfont.woff\u001b[39m","time":"2018-09-07T09:16:32.336Z","v":0}
{"name":"hexo","hostname":"JDWEB","pid":11972,"level":20,"msg":"Processed: \u001b[35msource/css/fonts/roboto/Roboto-Bold.ttf\u001b[39m","time":"2018-09-07T09:16:32.337Z","v":0}
{"name":"hexo","hostname":"JDWEB","pid":11972,"level":20,"msg":"Processed: \u001b[35msource/css/fonts/roboto/Roboto-Light.ttf\u001b[39m","time":"2018-09-07T09:16:32.338Z","v":0}
{"name":"hexo","hostname":"JDWEB","pid":11972,"level":20,"msg":"Processed: \u001b[35msource/css/fonts/roboto/Roboto-Medium.ttf\u001b[39m","time":"2018-09-07T09:16:32.339Z","v":0}
{"name":"hexo","hostname":"JDWEB","pid":11972,"level":20,"msg":"Processed: \u001b[35msource/css/fonts/fontawesome/fontawesome-webfont.woff2\u001b[39m","time":"2018-09-07T09:16:32.340Z","v":0}
{"name":"hexo","hostname":"JDWEB","pid":11972,"level":20,"msg":"Processed: \u001b[35msource/css/fonts/roboto/Roboto-Regular.ttf\u001b[39m","time":"2018-09-07T09:16:32.340Z","v":0}
{"name":"hexo","hostname":"JDWEB","pid":11972,"level":20,"msg":"Processed: \u001b[35msource/css/fonts/roboto/Roboto-Thin.ttf\u001b[39m","time":"2018-09-07T09:16:32.341Z","v":0}
{"name":"hexo","hostname":"JDWEB","pid":11972,"level":20,"msg":"Processed: \u001b[35mlayout/_partial/plugins/gitment.ejs\u001b[39m","time":"2018-09-07T09:16:32.365Z","v":0}
{"name":"hexo","hostname":"JDWEB","pid":11972,"level":20,"msg":"Processed: \u001b[35mlayout/_partial/plugins/baidu.ejs\u001b[39m","time":"2018-09-07T09:16:32.372Z","v":0}
{"name":"hexo","hostname":"JDWEB","pid":11972,"level":20,"msg":"Processed: \u001b[35mlayout/_partial/plugins/disqus.ejs\u001b[39m","time":"2018-09-07T09:16:32.373Z","v":0}
{"name":"hexo","hostname":"JDWEB","pid":11972,"level":20,"msg":"Processed: \u001b[35mlayout/_partial/plugins/page-visit.ejs\u001b[39m","time":"2018-09-07T09:16:32.373Z","v":0}
{"name":"hexo","hostname":"JDWEB","pid":11972,"level":20,"msg":"Processed: \u001b[35mlayout/_partial/plugins/google-analytics.ejs\u001b[39m","time":"2018-09-07T09:16:32.374Z","v":0}
{"name":"hexo","hostname":"JDWEB","pid":11972,"level":20,"msg":"Processed: \u001b[35mlayout/_partial/plugins/dynamic-title.ejs\u001b[39m","time":"2018-09-07T09:16:32.375Z","v":0}
{"name":"hexo","hostname":"JDWEB","pid":11972,"level":20,"msg":"Processed: \u001b[35mlayout/_partial/plugins/hyper-comments.ejs\u001b[39m","time":"2018-09-07T09:16:32.376Z","v":0}
{"name":"hexo","hostname":"JDWEB","pid":11972,"level":20,"msg":"Processed: \u001b[35mlayout/_partial/plugins/tajs.ejs\u001b[39m","time":"2018-09-07T09:16:32.376Z","v":0}
{"name":"hexo","hostname":"JDWEB","pid":11972,"level":20,"msg":"Processed: \u001b[35mlayout/_partial/plugins/site-visit.ejs\u001b[39m","time":"2018-09-07T09:16:32.378Z","v":0}
{"name":"hexo","hostname":"JDWEB","pid":11972,"level":20,"msg":"Processed: \u001b[35mlayout/_partial/plugins/mathjax.ejs\u001b[39m","time":"2018-09-07T09:16:32.380Z","v":0}
{"name":"hexo","hostname":"JDWEB","pid":11972,"level":20,"msg":"Processed: \u001b[35mlayout/_partial/post/comment.ejs\u001b[39m","time":"2018-09-07T09:16:32.380Z","v":0}
{"name":"hexo","hostname":"JDWEB","pid":11972,"level":20,"msg":"Processed: \u001b[35mlayout/_partial/plugins/uyan.ejs\u001b[39m","time":"2018-09-07T09:16:32.380Z","v":0}
{"name":"hexo","hostname":"JDWEB","pid":11972,"level":20,"msg":"Processed: \u001b[35mlayout/_partial/plugins/valine.ejs\u001b[39m","time":"2018-09-07T09:16:32.381Z","v":0}
{"name":"hexo","hostname":"JDWEB","pid":11972,"level":20,"msg":"Processed: \u001b[35mlayout/_partial/post/copyright.ejs\u001b[39m","time":"2018-09-07T09:16:32.381Z","v":0}
{"name":"hexo","hostname":"JDWEB","pid":11972,"level":20,"msg":"Processed: \u001b[35mlayout/_partial/post/date.ejs\u001b[39m","time":"2018-09-07T09:16:32.382Z","v":0}
{"name":"hexo","hostname":"JDWEB","pid":11972,"level":20,"msg":"Processed: \u001b[35mlayout/_partial/post/reward-btn.ejs\u001b[39m","time":"2018-09-07T09:16:32.382Z","v":0}
{"name":"hexo","hostname":"JDWEB","pid":11972,"level":20,"msg":"Processed: \u001b[35mlayout/_partial/post/category.ejs\u001b[39m","time":"2018-09-07T09:16:32.382Z","v":0}
{"name":"hexo","hostname":"JDWEB","pid":11972,"level":20,"msg":"Processed: \u001b[35mlayout/_partial/post/nav.ejs\u001b[39m","time":"2018-09-07T09:16:32.383Z","v":0}
{"name":"hexo","hostname":"JDWEB","pid":11972,"level":20,"msg":"Processed: \u001b[35mlayout/_partial/post/reward.ejs\u001b[39m","time":"2018-09-07T09:16:32.383Z","v":0}
{"name":"hexo","hostname":"JDWEB","pid":11972,"level":20,"msg":"Processed: \u001b[35mlayout/_partial/post/share-fab.ejs\u001b[39m","time":"2018-09-07T09:16:32.384Z","v":0}
{"name":"hexo","hostname":"JDWEB","pid":11972,"level":20,"msg":"Processed: \u001b[35mlayout/_partial/post/tag.ejs\u001b[39m","time":"2018-09-07T09:16:32.384Z","v":0}
{"name":"hexo","hostname":"JDWEB","pid":11972,"level":20,"msg":"Processed: \u001b[35mlayout/_partial/post/title.ejs\u001b[39m","time":"2018-09-07T09:16:32.384Z","v":0}
{"name":"hexo","hostname":"JDWEB","pid":11972,"level":20,"msg":"Processed: \u001b[35mlayout/_partial/post/updated.ejs\u001b[39m","time":"2018-09-07T09:16:32.385Z","v":0}
{"name":"hexo","hostname":"JDWEB","pid":11972,"level":20,"msg":"Processed: \u001b[35mlayout/_partial/post/toc.ejs\u001b[39m","time":"2018-09-07T09:16:32.385Z","v":0}
{"name":"hexo","hostname":"JDWEB","pid":11972,"level":20,"msg":"Processed: \u001b[35mlayout/_partial/post/share.ejs\u001b[39m","time":"2018-09-07T09:16:32.386Z","v":0}
{"name":"hexo","hostname":"JDWEB","pid":11972,"level":20,"msg":"Processed: \u001b[35mlayout/_partial/post/head-meta.ejs\u001b[39m","time":"2018-09-07T09:16:32.386Z","v":0}
{"name":"hexo","hostname":"JDWEB","pid":11972,"level":20,"msg":"Processed: \u001b[35msource/css/fonts/fontawesome/fontawesome-webfont.eot\u001b[39m","time":"2018-09-07T09:16:32.392Z","v":0}
{"name":"hexo","hostname":"JDWEB","pid":11972,"level":20,"msg":"Processed: \u001b[35msource/css/fonts/fontawesome/fontawesome-webfont.ttf\u001b[39m","time":"2018-09-07T09:16:32.397Z","v":0}
{"name":"hexo","hostname":"JDWEB","pid":11972,"level":20,"msg":"Processed: \u001b[35msource/css/fonts/fontawesome/FontAwesome.otf\u001b[39m","time":"2018-09-07T09:16:32.399Z","v":0}
{"name":"hexo","hostname":"JDWEB","pid":11972,"level":20,"msg":"Processed: \u001b[35msource/css/fonts/fontawesome/fontawesome-webfont.svg\u001b[39m","time":"2018-09-07T09:16:32.410Z","v":0}
{"name":"hexo","hostname":"JDWEB","pid":11972,"level":20,"msg":"Generator: \u001b[35mpage\u001b[39m","time":"2018-09-07T09:16:32.973Z","v":0}
{"name":"hexo","hostname":"JDWEB","pid":11972,"level":20,"msg":"Generator: \u001b[35mpost\u001b[39m","time":"2018-09-07T09:16:32.974Z","v":0}
{"name":"hexo","hostname":"JDWEB","pid":11972,"level":20,"msg":"Generator: \u001b[35marchive\u001b[39m","time":"2018-09-07T09:16:32.975Z","v":0}
{"name":"hexo","hostname":"JDWEB","pid":11972,"level":20,"msg":"Generator: \u001b[35mcategory\u001b[39m","time":"2018-09-07T09:16:32.975Z","v":0}
{"name":"hexo","hostname":"JDWEB","pid":11972,"level":20,"msg":"Generator: \u001b[35mindex\u001b[39m","time":"2018-09-07T09:16:32.975Z","v":0}
{"name":"hexo","hostname":"JDWEB","pid":11972,"level":20,"msg":"Generator: \u001b[35mtag\u001b[39m","time":"2018-09-07T09:16:32.975Z","v":0}
{"name":"hexo","hostname":"JDWEB","pid":11972,"level":20,"msg":"Generator: \u001b[35mjson-content\u001b[39m","time":"2018-09-07T09:16:32.976Z","v":0}
{"name":"hexo","hostname":"JDWEB","pid":11972,"level":20,"msg":"Generator: \u001b[35masset\u001b[39m","time":"2018-09-07T09:16:32.977Z","v":0}
{"name":"hexo","hostname":"JDWEB","pid":11972,"level":30,"msg":"Hexo is running at \u001b[4mhttp://localhost:4000\u001b[24m. Press Ctrl+C to stop.","time":"2018-09-07T09:16:32.986Z","v":0}
{"name":"hexo","hostname":"JDWEB","pid":11972,"level":20,"msg":"Database saved","time":"2018-09-07T09:16:32.998Z","v":0}
{"name":"hexo","hostname":"JDWEB","pid":11972,"level":20,"msg":"Rendering index: \u001b[35mindex.html\u001b[39m","time":"2018-09-07T09:16:45.832Z","v":0}
{"name":"hexo","hostname":"JDWEB","pid":11972,"level":20,"msg":"Rendering post: \u001b[35m2018/09/06/单点登录的实现方式/index.html\u001b[39m","time":"2018-09-07T09:16:48.085Z","v":0}
{"name":"hexo","hostname":"JDWEB","pid":11972,"level":20,"msg":"Processed: \u001b[35m_posts/单点登录的实现方式.md\u001b[39m","time":"2018-09-07T09:18:49.120Z","v":0}
{"name":"hexo","hostname":"JDWEB","pid":11972,"level":20,"msg":"Generator: \u001b[35mpage\u001b[39m","time":"2018-09-07T09:18:49.295Z","v":0}
{"name":"hexo","hostname":"JDWEB","pid":11972,"level":20,"msg":"Generator: \u001b[35mpost\u001b[39m","time":"2018-09-07T09:18:49.295Z","v":0}
{"name":"hexo","hostname":"JDWEB","pid":11972,"level":20,"msg":"Generator: \u001b[35marchive\u001b[39m","time":"2018-09-07T09:18:49.296Z","v":0}
{"name":"hexo","hostname":"JDWEB","pid":11972,"level":20,"msg":"Generator: \u001b[35mcategory\u001b[39m","time":"2018-09-07T09:18:49.297Z","v":0}
{"name":"hexo","hostname":"JDWEB","pid":11972,"level":20,"msg":"Generator: \u001b[35mindex\u001b[39m","time":"2018-09-07T09:18:49.298Z","v":0}
{"name":"hexo","hostname":"JDWEB","pid":11972,"level":20,"msg":"Generator: \u001b[35mtag\u001b[39m","time":"2018-09-07T09:18:49.298Z","v":0}
{"name":"hexo","hostname":"JDWEB","pid":11972,"level":20,"msg":"Generator: \u001b[35mjson-content\u001b[39m","time":"2018-09-07T09:18:49.299Z","v":0}
{"name":"hexo","hostname":"JDWEB","pid":11972,"level":20,"msg":"Generator: \u001b[35masset\u001b[39m","time":"2018-09-07T09:18:49.303Z","v":0}
{"name":"hexo","hostname":"JDWEB","pid":11972,"level":20,"msg":"Processed: \u001b[35mimg/debug.log\u001b[39m","time":"2018-09-07T09:19:23.597Z","v":0}
{"name":"hexo","hostname":"JDWEB","pid":11972,"level":20,"msg":"Processed: \u001b[35mimg/797930-20161129155243068-1378377736.png\u001b[39m","time":"2018-09-07T09:19:23.600Z","v":0}
{"name":"hexo","hostname":"JDWEB","pid":11972,"level":20,"msg":"Generator: \u001b[35mpage\u001b[39m","time":"2018-09-07T09:19:23.727Z","v":0}
{"name":"hexo","hostname":"JDWEB","pid":11972,"level":20,"msg":"Generator: \u001b[35mpost\u001b[39m","time":"2018-09-07T09:19:23.728Z","v":0}
{"name":"hexo","hostname":"JDWEB","pid":11972,"level":20,"msg":"Generator: \u001b[35marchive\u001b[39m","time":"2018-09-07T09:19:23.728Z","v":0}
{"name":"hexo","hostname":"JDWEB","pid":11972,"level":20,"msg":"Generator: \u001b[35mcategory\u001b[39m","time":"2018-09-07T09:19:23.729Z","v":0}
{"name":"hexo","hostname":"JDWEB","pid":11972,"level":20,"msg":"Generator: \u001b[35mindex\u001b[39m","time":"2018-09-07T09:19:23.729Z","v":0}
{"name":"hexo","hostname":"JDWEB","pid":11972,"level":20,"msg":"Generator: \u001b[35mtag\u001b[39m","time":"2018-09-07T09:19:23.729Z","v":0}
{"name":"hexo","hostname":"JDWEB","pid":11972,"level":20,"msg":"Generator: \u001b[35mjson-content\u001b[39m","time":"2018-09-07T09:19:23.729Z","v":0}
{"name":"hexo","hostname":"JDWEB","pid":11972,"level":20,"msg":"Generator: \u001b[35masset\u001b[39m","time":"2018-09-07T09:19:23.730Z","v":0}
{"name":"hexo","hostname":"JDWEB","pid":11972,"level":20,"msg":"Processed: \u001b[35mimg/debug.log\u001b[39m","time":"2018-09-07T09:19:24.335Z","v":0}
{"name":"hexo","hostname":"JDWEB","pid":11972,"level":20,"msg":"Generator: \u001b[35mpage\u001b[39m","time":"2018-09-07T09:19:24.470Z","v":0}
{"name":"hexo","hostname":"JDWEB","pid":11972,"level":20,"msg":"Generator: \u001b[35mpost\u001b[39m","time":"2018-09-07T09:19:24.471Z","v":0}
{"name":"hexo","hostname":"JDWEB","pid":11972,"level":20,"msg":"Generator: \u001b[35marchive\u001b[39m","time":"2018-09-07T09:19:24.471Z","v":0}
{"name":"hexo","hostname":"JDWEB","pid":11972,"level":20,"msg":"Generator: \u001b[35mcategory\u001b[39m","time":"2018-09-07T09:19:24.472Z","v":0}
{"name":"hexo","hostname":"JDWEB","pid":11972,"level":20,"msg":"Generator: \u001b[35mindex\u001b[39m","time":"2018-09-07T09:19:24.472Z","v":0}
{"name":"hexo","hostname":"JDWEB","pid":11972,"level":20,"msg":"Generator: \u001b[35mtag\u001b[39m","time":"2018-09-07T09:19:24.473Z","v":0}
{"name":"hexo","hostname":"JDWEB","pid":11972,"level":20,"msg":"Generator: \u001b[35mjson-content\u001b[39m","time":"2018-09-07T09:19:24.474Z","v":0}
{"name":"hexo","hostname":"JDWEB","pid":11972,"level":20,"msg":"Generator: \u001b[35masset\u001b[39m","time":"2018-09-07T09:19:24.476Z","v":0}
{"name":"hexo","hostname":"JDWEB","pid":11972,"level":20,"msg":"Processed: \u001b[35mimg/debug.log\u001b[39m","time":"2018-09-07T09:19:30.990Z","v":0}
{"name":"hexo","hostname":"JDWEB","pid":11972,"level":20,"msg":"Processed: \u001b[35mimg/sso_002.png\u001b[39m","time":"2018-09-07T09:19:30.992Z","v":0}
{"name":"hexo","hostname":"JDWEB","pid":11972,"level":20,"msg":"Processed: \u001b[35mimg/797930-20161129155243068-1378377736.png\u001b[39m","time":"2018-09-07T09:19:31.074Z","v":0}
{"name":"hexo","hostname":"JDWEB","pid":11972,"level":20,"msg":"Generator: \u001b[35mpage\u001b[39m","time":"2018-09-07T09:19:31.198Z","v":0}
{"name":"hexo","hostname":"JDWEB","pid":11972,"level":20,"msg":"Generator: \u001b[35mpost\u001b[39m","time":"2018-09-07T09:19:31.198Z","v":0}
{"name":"hexo","hostname":"JDWEB","pid":11972,"level":20,"msg":"Generator: \u001b[35marchive\u001b[39m","time":"2018-09-07T09:19:31.199Z","v":0}
{"name":"hexo","hostname":"JDWEB","pid":11972,"level":20,"msg":"Generator: \u001b[35mcategory\u001b[39m","time":"2018-09-07T09:19:31.199Z","v":0}
{"name":"hexo","hostname":"JDWEB","pid":11972,"level":20,"msg":"Generator: \u001b[35mindex\u001b[39m","time":"2018-09-07T09:19:31.200Z","v":0}
{"name":"hexo","hostname":"JDWEB","pid":11972,"level":20,"msg":"Generator: \u001b[35mtag\u001b[39m","time":"2018-09-07T09:19:31.200Z","v":0}
{"name":"hexo","hostname":"JDWEB","pid":11972,"level":20,"msg":"Generator: \u001b[35mjson-content\u001b[39m","time":"2018-09-07T09:19:31.201Z","v":0}
{"name":"hexo","hostname":"JDWEB","pid":11972,"level":20,"msg":"Generator: \u001b[35masset\u001b[39m","time":"2018-09-07T09:19:31.202Z","v":0}
{"name":"hexo","hostname":"JDWEB","pid":11972,"level":20,"msg":"Processed: \u001b[35mimg/debug.log\u001b[39m","time":"2018-09-07T09:19:31.719Z","v":0}
{"name":"hexo","hostname":"JDWEB","pid":11972,"level":20,"msg":"Generator: \u001b[35mpage\u001b[39m","time":"2018-09-07T09:19:31.840Z","v":0}
{"name":"hexo","hostname":"JDWEB","pid":11972,"level":20,"msg":"Generator: \u001b[35mpost\u001b[39m","time":"2018-09-07T09:19:31.840Z","v":0}
{"name":"hexo","hostname":"JDWEB","pid":11972,"level":20,"msg":"Generator: \u001b[35marchive\u001b[39m","time":"2018-09-07T09:19:31.841Z","v":0}
{"name":"hexo","hostname":"JDWEB","pid":11972,"level":20,"msg":"Generator: \u001b[35mcategory\u001b[39m","time":"2018-09-07T09:19:31.842Z","v":0}
{"name":"hexo","hostname":"JDWEB","pid":11972,"level":20,"msg":"Generator: \u001b[35mindex\u001b[39m","time":"2018-09-07T09:19:31.842Z","v":0}
{"name":"hexo","hostname":"JDWEB","pid":11972,"level":20,"msg":"Generator: \u001b[35mtag\u001b[39m","time":"2018-09-07T09:19:31.842Z","v":0}
{"name":"hexo","hostname":"JDWEB","pid":11972,"level":20,"msg":"Generator: \u001b[35mjson-content\u001b[39m","time":"2018-09-07T09:19:31.843Z","v":0}
{"name":"hexo","hostname":"JDWEB","pid":11972,"level":20,"msg":"Generator: \u001b[35masset\u001b[39m","time":"2018-09-07T09:19:31.844Z","v":0}
{"name":"hexo","hostname":"JDWEB","pid":11972,"level":20,"msg":"Processed: \u001b[35m_posts/单点登录的实现方式.md\u001b[39m","time":"2018-09-07T09:21:17.065Z","v":0}
{"name":"hexo","hostname":"JDWEB","pid":11972,"level":20,"msg":"Generator: \u001b[35mpage\u001b[39m","time":"2018-09-07T09:21:17.265Z","v":0}
{"name":"hexo","hostname":"JDWEB","pid":11972,"level":20,"msg":"Generator: \u001b[35mpost\u001b[39m","time":"2018-09-07T09:21:17.267Z","v":0}
{"name":"hexo","hostname":"JDWEB","pid":11972,"level":20,"msg":"Generator: \u001b[35marchive\u001b[39m","time":"2018-09-07T09:21:17.268Z","v":0}
{"name":"hexo","hostname":"JDWEB","pid":11972,"level":20,"msg":"Generator: \u001b[35mcategory\u001b[39m","time":"2018-09-07T09:21:17.268Z","v":0}
{"name":"hexo","hostname":"JDWEB","pid":11972,"level":20,"msg":"Generator: \u001b[35mindex\u001b[39m","time":"2018-09-07T09:21:17.269Z","v":0}
{"name":"hexo","hostname":"JDWEB","pid":11972,"level":20,"msg":"Generator: \u001b[35mtag\u001b[39m","time":"2018-09-07T09:21:17.270Z","v":0}
{"name":"hexo","hostname":"JDWEB","pid":11972,"level":20,"msg":"Generator: \u001b[35mjson-content\u001b[39m","time":"2018-09-07T09:21:17.271Z","v":0}
{"name":"hexo","hostname":"JDWEB","pid":11972,"level":20,"msg":"Generator: \u001b[35masset\u001b[39m","time":"2018-09-07T09:21:17.275Z","v":0}
{"name":"hexo","hostname":"JDWEB","pid":11972,"level":20,"msg":"Rendering post: \u001b[35m2018/09/06/单点登录的实现方式/index.html\u001b[39m","time":"2018-09-07T09:21:19.470Z","v":0}
{"name":"hexo","hostname":"JDWEB","pid":11972,"level":20,"msg":"Processed: \u001b[35m_posts/单点登录的实现方式.md\u001b[39m","time":"2018-09-07T09:21:29.267Z","v":0}
{"name":"hexo","hostname":"JDWEB","pid":11972,"level":20,"msg":"Generator: \u001b[35mpage\u001b[39m","time":"2018-09-07T09:21:29.460Z","v":0}
{"name":"hexo","hostname":"JDWEB","pid":11972,"level":20,"msg":"Generator: \u001b[35mpost\u001b[39m","time":"2018-09-07T09:21:29.461Z","v":0}
{"name":"hexo","hostname":"JDWEB","pid":11972,"level":20,"msg":"Generator: \u001b[35marchive\u001b[39m","time":"2018-09-07T09:21:29.464Z","v":0}
{"name":"hexo","hostname":"JDWEB","pid":11972,"level":20,"msg":"Generator: \u001b[35mcategory\u001b[39m","time":"2018-09-07T09:21:29.464Z","v":0}
{"name":"hexo","hostname":"JDWEB","pid":11972,"level":20,"msg":"Generator: \u001b[35mindex\u001b[39m","time":"2018-09-07T09:21:29.466Z","v":0}
{"name":"hexo","hostname":"JDWEB","pid":11972,"level":20,"msg":"Generator: \u001b[35mtag\u001b[39m","time":"2018-09-07T09:21:29.467Z","v":0}
{"name":"hexo","hostname":"JDWEB","pid":11972,"level":20,"msg":"Generator: \u001b[35mjson-content\u001b[39m","time":"2018-09-07T09:21:29.468Z","v":0}
{"name":"hexo","hostname":"JDWEB","pid":11972,"level":20,"msg":"Generator: \u001b[35masset\u001b[39m","time":"2018-09-07T09:21:29.471Z","v":0}
{"name":"hexo","hostname":"JDWEB","pid":11972,"level":20,"msg":"Processed: \u001b[35m_posts/单点登录的实现方式.md\u001b[39m","time":"2018-09-07T09:24:19.387Z","v":0}
{"name":"hexo","hostname":"JDWEB","pid":11972,"level":20,"msg":"Generator: \u001b[35mpage\u001b[39m","time":"2018-09-07T09:24:19.538Z","v":0}
{"name":"hexo","hostname":"JDWEB","pid":11972,"level":20,"msg":"Generator: \u001b[35mpost\u001b[39m","time":"2018-09-07T09:24:19.539Z","v":0}
{"name":"hexo","hostname":"JDWEB","pid":11972,"level":20,"msg":"Generator: \u001b[35marchive\u001b[39m","time":"2018-09-07T09:24:19.539Z","v":0}
{"name":"hexo","hostname":"JDWEB","pid":11972,"level":20,"msg":"Generator: \u001b[35mcategory\u001b[39m","time":"2018-09-07T09:24:19.540Z","v":0}
{"name":"hexo","hostname":"JDWEB","pid":11972,"level":20,"msg":"Generator: \u001b[35mindex\u001b[39m","time":"2018-09-07T09:24:19.540Z","v":0}
{"name":"hexo","hostname":"JDWEB","pid":11972,"level":20,"msg":"Generator: \u001b[35mtag\u001b[39m","time":"2018-09-07T09:24:19.541Z","v":0}
{"name":"hexo","hostname":"JDWEB","pid":11972,"level":20,"msg":"Generator: \u001b[35mjson-content\u001b[39m","time":"2018-09-07T09:24:19.541Z","v":0}
{"name":"hexo","hostname":"JDWEB","pid":11972,"level":20,"msg":"Generator: \u001b[35masset\u001b[39m","time":"2018-09-07T09:24:19.542Z","v":0}
{"name":"hexo","hostname":"JDWEB","pid":11972,"level":20,"msg":"Processed: \u001b[35m_posts/单点登录的实现方式.md\u001b[39m","time":"2018-09-07T09:48:14.700Z","v":0}
{"name":"hexo","hostname":"JDWEB","pid":11972,"level":20,"msg":"Generator: \u001b[35mpage\u001b[39m","time":"2018-09-07T09:48:14.874Z","v":0}
{"name":"hexo","hostname":"JDWEB","pid":11972,"level":20,"msg":"Generator: \u001b[35mpost\u001b[39m","time":"2018-09-07T09:48:14.875Z","v":0}
{"name":"hexo","hostname":"JDWEB","pid":11972,"level":20,"msg":"Generator: \u001b[35marchive\u001b[39m","time":"2018-09-07T09:48:14.875Z","v":0}
{"name":"hexo","hostname":"JDWEB","pid":11972,"level":20,"msg":"Generator: \u001b[35mcategory\u001b[39m","time":"2018-09-07T09:48:14.876Z","v":0}
{"name":"hexo","hostname":"JDWEB","pid":11972,"level":20,"msg":"Generator: \u001b[35mindex\u001b[39m","time":"2018-09-07T09:48:14.876Z","v":0}
{"name":"hexo","hostname":"JDWEB","pid":11972,"level":20,"msg":"Generator: \u001b[35mtag\u001b[39m","time":"2018-09-07T09:48:14.876Z","v":0}
{"name":"hexo","hostname":"JDWEB","pid":11972,"level":20,"msg":"Generator: \u001b[35mjson-content\u001b[39m","time":"2018-09-07T09:48:14.877Z","v":0}
{"name":"hexo","hostname":"JDWEB","pid":11972,"level":20,"msg":"Generator: \u001b[35masset\u001b[39m","time":"2018-09-07T09:48:14.878Z","v":0}
{"name":"hexo","hostname":"JDWEB","pid":11972,"level":20,"msg":"Processed: \u001b[35m_posts/单点登录的实现方式.md\u001b[39m","time":"2018-09-07T09:57:07.073Z","v":0}
{"name":"hexo","hostname":"JDWEB","pid":11972,"level":20,"msg":"Generator: \u001b[35mpage\u001b[39m","time":"2018-09-07T09:57:07.225Z","v":0}
{"name":"hexo","hostname":"JDWEB","pid":11972,"level":20,"msg":"Generator: \u001b[35mpost\u001b[39m","time":"2018-09-07T09:57:07.226Z","v":0}
{"name":"hexo","hostname":"JDWEB","pid":11972,"level":20,"msg":"Generator: \u001b[35marchive\u001b[39m","time":"2018-09-07T09:57:07.226Z","v":0}
{"name":"hexo","hostname":"JDWEB","pid":11972,"level":20,"msg":"Generator: \u001b[35mcategory\u001b[39m","time":"2018-09-07T09:57:07.226Z","v":0}
{"name":"hexo","hostname":"JDWEB","pid":11972,"level":20,"msg":"Generator: \u001b[35mindex\u001b[39m","time":"2018-09-07T09:57:07.227Z","v":0}
{"name":"hexo","hostname":"JDWEB","pid":11972,"level":20,"msg":"Generator: \u001b[35mtag\u001b[39m","time":"2018-09-07T09:57:07.227Z","v":0}
{"name":"hexo","hostname":"JDWEB","pid":11972,"level":20,"msg":"Generator: \u001b[35mjson-content\u001b[39m","time":"2018-09-07T09:57:07.227Z","v":0}
{"name":"hexo","hostname":"JDWEB","pid":11972,"level":20,"msg":"Generator: \u001b[35masset\u001b[39m","time":"2018-09-07T09:57:07.228Z","v":0}
{"name":"hexo","hostname":"JDWEB","pid":11972,"level":20,"msg":"Processed: \u001b[35m_posts/单点登录的实现方式.md\u001b[39m","time":"2018-09-07T09:57:29.575Z","v":0}
{"name":"hexo","hostname":"JDWEB","pid":11972,"level":20,"msg":"Generator: \u001b[35mpage\u001b[39m","time":"2018-09-07T09:57:29.717Z","v":0}
{"name":"hexo","hostname":"JDWEB","pid":11972,"level":20,"msg":"Generator: \u001b[35mpost\u001b[39m","time":"2018-09-07T09:57:29.718Z","v":0}
{"name":"hexo","hostname":"JDWEB","pid":11972,"level":20,"msg":"Generator: \u001b[35marchive\u001b[39m","time":"2018-09-07T09:57:29.718Z","v":0}
{"name":"hexo","hostname":"JDWEB","pid":11972,"level":20,"msg":"Generator: \u001b[35mcategory\u001b[39m","time":"2018-09-07T09:57:29.718Z","v":0}
{"name":"hexo","hostname":"JDWEB","pid":11972,"level":20,"msg":"Generator: \u001b[35mindex\u001b[39m","time":"2018-09-07T09:57:29.719Z","v":0}
{"name":"hexo","hostname":"JDWEB","pid":11972,"level":20,"msg":"Generator: \u001b[35mtag\u001b[39m","time":"2018-09-07T09:57:29.719Z","v":0}
{"name":"hexo","hostname":"JDWEB","pid":11972,"level":20,"msg":"Generator: \u001b[35mjson-content\u001b[39m","time":"2018-09-07T09:57:29.719Z","v":0}
{"name":"hexo","hostname":"JDWEB","pid":11972,"level":20,"msg":"Generator: \u001b[35masset\u001b[39m","time":"2018-09-07T09:57:29.721Z","v":0}
{"name":"hexo","hostname":"JDWEB","pid":11972,"level":20,"msg":"Processed: \u001b[35m_posts/单点登录的实现方式.md\u001b[39m","time":"2018-09-07T09:59:32.478Z","v":0}
{"name":"hexo","hostname":"JDWEB","pid":11972,"level":20,"msg":"Generator: \u001b[35mpage\u001b[39m","time":"2018-09-07T09:59:32.617Z","v":0}
{"name":"hexo","hostname":"JDWEB","pid":11972,"level":20,"msg":"Generator: \u001b[35mpost\u001b[39m","time":"2018-09-07T09:59:32.617Z","v":0}
{"name":"hexo","hostname":"JDWEB","pid":11972,"level":20,"msg":"Generator: \u001b[35marchive\u001b[39m","time":"2018-09-07T09:59:32.618Z","v":0}
{"name":"hexo","hostname":"JDWEB","pid":11972,"level":20,"msg":"Generator: \u001b[35mcategory\u001b[39m","time":"2018-09-07T09:59:32.618Z","v":0}
{"name":"hexo","hostname":"JDWEB","pid":11972,"level":20,"msg":"Generator: \u001b[35mindex\u001b[39m","time":"2018-09-07T09:59:32.619Z","v":0}
{"name":"hexo","hostname":"JDWEB","pid":11972,"level":20,"msg":"Generator: \u001b[35mtag\u001b[39m","time":"2018-09-07T09:59:32.619Z","v":0}
{"name":"hexo","hostname":"JDWEB","pid":11972,"level":20,"msg":"Generator: \u001b[35mjson-content\u001b[39m","time":"2018-09-07T09:59:32.619Z","v":0}
{"name":"hexo","hostname":"JDWEB","pid":11972,"level":20,"msg":"Generator: \u001b[35masset\u001b[39m","time":"2018-09-07T09:59:32.620Z","v":0}
{"name":"hexo","hostname":"JDWEB","pid":11972,"level":20,"msg":"Rendering post: \u001b[35m2018/09/06/单点登录的实现方式/index.html\u001b[39m","time":"2018-09-07T09:59:35.762Z","v":0}
{"name":"hexo","hostname":"JDWEB","pid":11972,"level":20,"msg":"Processed: \u001b[35m_posts/单点登录的实现方式.md\u001b[39m","time":"2018-09-07T10:00:26.337Z","v":0}
{"name":"hexo","hostname":"JDWEB","pid":11972,"level":20,"msg":"Generator: \u001b[35mpage\u001b[39m","time":"2018-09-07T10:00:26.553Z","v":0}
{"name":"hexo","hostname":"JDWEB","pid":11972,"level":20,"msg":"Generator: \u001b[35mpost\u001b[39m","time":"2018-09-07T10:00:26.553Z","v":0}
{"name":"hexo","hostname":"JDWEB","pid":11972,"level":20,"msg":"Generator: \u001b[35marchive\u001b[39m","time":"2018-09-07T10:00:26.554Z","v":0}
{"name":"hexo","hostname":"JDWEB","pid":11972,"level":20,"msg":"Generator: \u001b[35mcategory\u001b[39m","time":"2018-09-07T10:00:26.555Z","v":0}
{"name":"hexo","hostname":"JDWEB","pid":11972,"level":20,"msg":"Generator: \u001b[35mindex\u001b[39m","time":"2018-09-07T10:00:26.555Z","v":0}
{"name":"hexo","hostname":"JDWEB","pid":11972,"level":20,"msg":"Generator: \u001b[35mtag\u001b[39m","time":"2018-09-07T10:00:26.556Z","v":0}
{"name":"hexo","hostname":"JDWEB","pid":11972,"level":20,"msg":"Generator: \u001b[35mjson-content\u001b[39m","time":"2018-09-07T10:00:26.556Z","v":0}
{"name":"hexo","hostname":"JDWEB","pid":11972,"level":20,"msg":"Generator: \u001b[35masset\u001b[39m","time":"2018-09-07T10:00:26.561Z","v":0}
{"name":"hexo","hostname":"JDWEB","pid":11972,"level":20,"msg":"Generator: \u001b[35mpage\u001b[39m","time":"2018-09-07T10:03:29.119Z","v":0}
{"name":"hexo","hostname":"JDWEB","pid":11972,"level":20,"msg":"Generator: \u001b[35mpost\u001b[39m","time":"2018-09-07T10:03:29.119Z","v":0}
{"name":"hexo","hostname":"JDWEB","pid":11972,"level":20,"msg":"Generator: \u001b[35marchive\u001b[39m","time":"2018-09-07T10:03:29.120Z","v":0}
{"name":"hexo","hostname":"JDWEB","pid":11972,"level":20,"msg":"Generator: \u001b[35mcategory\u001b[39m","time":"2018-09-07T10:03:29.120Z","v":0}
{"name":"hexo","hostname":"JDWEB","pid":11972,"level":20,"msg":"Generator: \u001b[35mindex\u001b[39m","time":"2018-09-07T10:03:29.121Z","v":0}
{"name":"hexo","hostname":"JDWEB","pid":11972,"level":20,"msg":"Generator: \u001b[35mtag\u001b[39m","time":"2018-09-07T10:03:29.121Z","v":0}
{"name":"hexo","hostname":"JDWEB","pid":11972,"level":20,"msg":"Generator: \u001b[35mjson-content\u001b[39m","time":"2018-09-07T10:03:29.121Z","v":0}
{"name":"hexo","hostname":"JDWEB","pid":11972,"level":20,"msg":"Generator: \u001b[35masset\u001b[39m","time":"2018-09-07T10:03:29.122Z","v":0}
{"name":"hexo","hostname":"JDWEB","pid":11972,"level":20,"msg":"Rendering post: \u001b[35m2018/09/06/单点登录的实现方式/index.html\u001b[39m","time":"2018-09-07T10:03:33.275Z","v":0}
{"name":"hexo","hostname":"JDWEB","pid":11972,"level":20,"msg":"Rendering index: \u001b[35mindex.html\u001b[39m","time":"2018-09-07T10:03:44.135Z","v":0}
{"name":"hexo","hostname":"JDWEB","pid":11972,"level":20,"msg":"Generator: \u001b[35mpage\u001b[39m","time":"2018-09-07T10:03:58.436Z","v":0}
{"name":"hexo","hostname":"JDWEB","pid":11972,"level":20,"msg":"Generator: \u001b[35mpost\u001b[39m","time":"2018-09-07T10:03:58.437Z","v":0}
{"name":"hexo","hostname":"JDWEB","pid":11972,"level":20,"msg":"Generator: \u001b[35marchive\u001b[39m","time":"2018-09-07T10:03:58.438Z","v":0}
{"name":"hexo","hostname":"JDWEB","pid":11972,"level":20,"msg":"Generator: \u001b[35mcategory\u001b[39m","time":"2018-09-07T10:03:58.439Z","v":0}
{"name":"hexo","hostname":"JDWEB","pid":11972,"level":20,"msg":"Generator: \u001b[35mindex\u001b[39m","time":"2018-09-07T10:03:58.439Z","v":0}
{"name":"hexo","hostname":"JDWEB","pid":11972,"level":20,"msg":"Generator: \u001b[35mtag\u001b[39m","time":"2018-09-07T10:03:58.440Z","v":0}
{"name":"hexo","hostname":"JDWEB","pid":11972,"level":20,"msg":"Generator: \u001b[35mjson-content\u001b[39m","time":"2018-09-07T10:03:58.440Z","v":0}
{"name":"hexo","hostname":"JDWEB","pid":11972,"level":20,"msg":"Generator: \u001b[35masset\u001b[39m","time":"2018-09-07T10:03:58.443Z","v":0}
{"name":"hexo","hostname":"JDWEB","pid":11972,"level":20,"msg":"Rendering index: \u001b[35mindex.html\u001b[39m","time":"2018-09-07T10:03:58.453Z","v":0}
{"name":"hexo","hostname":"JDWEB","pid":11972,"level":20,"msg":"Rendering post: \u001b[35m2018/09/06/单点登录的实现方式/index.html\u001b[39m","time":"2018-09-07T10:04:12.799Z","v":0}
{"name":"hexo","hostname":"JDWEB","pid":11972,"level":20,"msg":"Rendering index: \u001b[35mindex.html\u001b[39m","time":"2018-09-07T10:04:22.447Z","v":0}
{"name":"hexo","hostname":"JDWEB","pid":11972,"level":20,"msg":"Rendering post: \u001b[35m2018/09/06/django的跨域请求设置/index.html\u001b[39m","time":"2018-09-07T10:04:35.528Z","v":0}
{"name":"hexo","hostname":"JDWEB","pid":11972,"level":20,"msg":"Processed: \u001b[35m_posts/django的跨域请求设置.md\u001b[39m","time":"2018-09-07T10:05:42.895Z","v":0}
{"name":"hexo","hostname":"JDWEB","pid":11972,"level":20,"msg":"Generator: \u001b[35mpage\u001b[39m","time":"2018-09-07T10:05:43.054Z","v":0}
{"name":"hexo","hostname":"JDWEB","pid":11972,"level":20,"msg":"Generator: \u001b[35mpost\u001b[39m","time":"2018-09-07T10:05:43.055Z","v":0}
{"name":"hexo","hostname":"JDWEB","pid":11972,"level":20,"msg":"Generator: \u001b[35marchive\u001b[39m","time":"2018-09-07T10:05:43.055Z","v":0}
{"name":"hexo","hostname":"JDWEB","pid":11972,"level":20,"msg":"Generator: \u001b[35mcategory\u001b[39m","time":"2018-09-07T10:05:43.055Z","v":0}
{"name":"hexo","hostname":"JDWEB","pid":11972,"level":20,"msg":"Generator: \u001b[35mindex\u001b[39m","time":"2018-09-07T10:05:43.056Z","v":0}
{"name":"hexo","hostname":"JDWEB","pid":11972,"level":20,"msg":"Generator: \u001b[35mtag\u001b[39m","time":"2018-09-07T10:05:43.056Z","v":0}
{"name":"hexo","hostname":"JDWEB","pid":11972,"level":20,"msg":"Generator: \u001b[35mjson-content\u001b[39m","time":"2018-09-07T10:05:43.057Z","v":0}
{"name":"hexo","hostname":"JDWEB","pid":11972,"level":20,"msg":"Generator: \u001b[35masset\u001b[39m","time":"2018-09-07T10:05:43.058Z","v":0}
{"name":"hexo","hostname":"JDWEB","pid":11972,"level":20,"msg":"Rendering post: \u001b[35m2018/09/06/django的跨域请求设置/index.html\u001b[39m","time":"2018-09-07T10:05:44.890Z","v":0}
{"name":"hexo","hostname":"JDWEB","pid":11972,"level":20,"msg":"Processed: \u001b[35m_posts/django的跨域请求设置.md\u001b[39m","time":"2018-09-07T10:05:57.882Z","v":0}
{"name":"hexo","hostname":"JDWEB","pid":11972,"level":20,"msg":"Generator: \u001b[35mpage\u001b[39m","time":"2018-09-07T10:05:58.035Z","v":0}
{"name":"hexo","hostname":"JDWEB","pid":11972,"level":20,"msg":"Generator: \u001b[35mpost\u001b[39m","time":"2018-09-07T10:05:58.036Z","v":0}
{"name":"hexo","hostname":"JDWEB","pid":11972,"level":20,"msg":"Generator: \u001b[35marchive\u001b[39m","time":"2018-09-07T10:05:58.036Z","v":0}
{"name":"hexo","hostname":"JDWEB","pid":11972,"level":20,"msg":"Generator: \u001b[35mcategory\u001b[39m","time":"2018-09-07T10:05:58.036Z","v":0}
{"name":"hexo","hostname":"JDWEB","pid":11972,"level":20,"msg":"Generator: \u001b[35mindex\u001b[39m","time":"2018-09-07T10:05:58.037Z","v":0}
{"name":"hexo","hostname":"JDWEB","pid":11972,"level":20,"msg":"Generator: \u001b[35mtag\u001b[39m","time":"2018-09-07T10:05:58.037Z","v":0}
{"name":"hexo","hostname":"JDWEB","pid":11972,"level":20,"msg":"Generator: \u001b[35mjson-content\u001b[39m","time":"2018-09-07T10:05:58.038Z","v":0}
{"name":"hexo","hostname":"JDWEB","pid":11972,"level":20,"msg":"Generator: \u001b[35masset\u001b[39m","time":"2018-09-07T10:05:58.039Z","v":0}
{"name":"hexo","hostname":"JDWEB","pid":11972,"level":20,"msg":"Rendering post: \u001b[35m2018/09/06/django的跨域请求设置/index.html\u001b[39m","time":"2018-09-07T10:06:00.015Z","v":0}
{"name":"hexo","hostname":"JDWEB","pid":11972,"level":20,"msg":"Rendering post: \u001b[35m2018/09/06/单点登录的实现方式/index.html\u001b[39m","time":"2018-09-07T10:06:11.917Z","v":0}
{"name":"hexo","hostname":"JDWEB","pid":11972,"level":20,"msg":"Processed: \u001b[35mimg/debug.log\u001b[39m","time":"2018-09-07T10:23:15.545Z","v":0}
{"name":"hexo","hostname":"JDWEB","pid":11972,"level":20,"msg":"Generator: \u001b[35mpage\u001b[39m","time":"2018-09-07T10:23:15.681Z","v":0}
{"name":"hexo","hostname":"JDWEB","pid":11972,"level":20,"msg":"Generator: \u001b[35mpost\u001b[39m","time":"2018-09-07T10:23:15.691Z","v":0}
{"name":"hexo","hostname":"JDWEB","pid":11972,"level":20,"msg":"Generator: \u001b[35marchive\u001b[39m","time":"2018-09-07T10:23:15.692Z","v":0}
{"name":"hexo","hostname":"JDWEB","pid":11972,"level":20,"msg":"Generator: \u001b[35mcategory\u001b[39m","time":"2018-09-07T10:23:15.692Z","v":0}
{"name":"hexo","hostname":"JDWEB","pid":11972,"level":20,"msg":"Generator: \u001b[35mindex\u001b[39m","time":"2018-09-07T10:23:15.694Z","v":0}
{"name":"hexo","hostname":"JDWEB","pid":11972,"level":20,"msg":"Generator: \u001b[35mtag\u001b[39m","time":"2018-09-07T10:23:15.695Z","v":0}
{"name":"hexo","hostname":"JDWEB","pid":11972,"level":20,"msg":"Generator: \u001b[35mjson-content\u001b[39m","time":"2018-09-07T10:23:15.696Z","v":0}
{"name":"hexo","hostname":"JDWEB","pid":11972,"level":20,"msg":"Generator: \u001b[35masset\u001b[39m","time":"2018-09-07T10:23:15.702Z","v":0}
{"name":"hexo","hostname":"JDWEB","pid":11972,"level":20,"msg":"Rendering index: \u001b[35mindex.html\u001b[39m","time":"2018-09-07T10:23:24.985Z","v":0}
{"name":"hexo","hostname":"JDWEB","pid":11972,"level":20,"msg":"Processed: \u001b[35msource/css/style.less\u001b[39m","time":"2018-09-07T10:23:25.146Z","v":0}
{"name":"hexo","hostname":"JDWEB","pid":11972,"level":20,"msg":"Processed: \u001b[35msource/img/avatar.jpg\u001b[39m","time":"2018-09-07T10:23:25.151Z","v":0}
{"name":"hexo","hostname":"JDWEB","pid":11972,"level":20,"msg":"Processed: \u001b[35msource/js/main.js\u001b[39m","time":"2018-09-07T10:23:25.234Z","v":0}
{"name":"hexo","hostname":"JDWEB","pid":11972,"level":20,"msg":"Generator: \u001b[35mpage\u001b[39m","time":"2018-09-07T10:23:25.585Z","v":0}
{"name":"hexo","hostname":"JDWEB","pid":11972,"level":20,"msg":"Generator: \u001b[35mpost\u001b[39m","time":"2018-09-07T10:23:25.585Z","v":0}
{"name":"hexo","hostname":"JDWEB","pid":11972,"level":20,"msg":"Generator: \u001b[35marchive\u001b[39m","time":"2018-09-07T10:23:25.585Z","v":0}
{"name":"hexo","hostname":"JDWEB","pid":11972,"level":20,"msg":"Generator: \u001b[35mcategory\u001b[39m","time":"2018-09-07T10:23:25.586Z","v":0}
{"name":"hexo","hostname":"JDWEB","pid":11972,"level":20,"msg":"Generator: \u001b[35mindex\u001b[39m","time":"2018-09-07T10:23:25.586Z","v":0}
{"name":"hexo","hostname":"JDWEB","pid":11972,"level":20,"msg":"Generator: \u001b[35mtag\u001b[39m","time":"2018-09-07T10:23:25.587Z","v":0}
{"name":"hexo","hostname":"JDWEB","pid":11972,"level":20,"msg":"Generator: \u001b[35mjson-content\u001b[39m","time":"2018-09-07T10:23:25.587Z","v":0}
{"name":"hexo","hostname":"JDWEB","pid":11972,"level":20,"msg":"Generator: \u001b[35masset\u001b[39m","time":"2018-09-07T10:23:25.589Z","v":0}
{"name":"hexo","hostname":"JDWEB","pid":11972,"level":20,"msg":"Processed: \u001b[35msource/js/search.js\u001b[39m","time":"2018-09-07T10:23:25.607Z","v":0}
{"name":"hexo","hostname":"JDWEB","pid":11972,"level":20,"msg":"Processed: \u001b[35msource/css/fonts/roboto/Roboto-Regular.woff2\u001b[39m","time":"2018-09-07T10:23:25.633Z","v":0}
{"name":"hexo","hostname":"JDWEB","pid":11972,"level":20,"msg":"Processed: \u001b[35msource/img/brand.jpg\u001b[39m","time":"2018-09-07T10:23:25.664Z","v":0}
{"name":"hexo","hostname":"JDWEB","pid":11972,"level":20,"msg":"Processed: \u001b[35msource/css/fonts/roboto/Roboto-Medium.woff2\u001b[39m","time":"2018-09-07T10:23:25.666Z","v":0}
{"name":"hexo","hostname":"JDWEB","pid":11972,"level":20,"msg":"Processed: \u001b[35msource/css/fonts/roboto/Roboto-Light.woff2\u001b[39m","time":"2018-09-07T10:23:25.667Z","v":0}
{"name":"hexo","hostname":"JDWEB","pid":11972,"level":20,"msg":"Processed: \u001b[35msource/css/fonts/fontawesome/fontawesome-webfont.woff2\u001b[39m","time":"2018-09-07T10:23:25.672Z","v":0}
{"name":"hexo","hostname":"JDWEB","pid":11972,"level":20,"msg":"Processed: \u001b[35msource/css/fonts/roboto/Roboto-Bold.woff2\u001b[39m","time":"2018-09-07T10:23:25.677Z","v":0}
{"name":"hexo","hostname":"JDWEB","pid":11972,"level":20,"msg":"Generator: \u001b[35mpage\u001b[39m","time":"2018-09-07T10:23:25.821Z","v":0}
{"name":"hexo","hostname":"JDWEB","pid":11972,"level":20,"msg":"Generator: \u001b[35mpost\u001b[39m","time":"2018-09-07T10:23:25.821Z","v":0}
{"name":"hexo","hostname":"JDWEB","pid":11972,"level":20,"msg":"Generator: \u001b[35marchive\u001b[39m","time":"2018-09-07T10:23:25.822Z","v":0}
{"name":"hexo","hostname":"JDWEB","pid":11972,"level":20,"msg":"Generator: \u001b[35mcategory\u001b[39m","time":"2018-09-07T10:23:25.822Z","v":0}
{"name":"hexo","hostname":"JDWEB","pid":11972,"level":20,"msg":"Generator: \u001b[35mindex\u001b[39m","time":"2018-09-07T10:23:25.822Z","v":0}
{"name":"hexo","hostname":"JDWEB","pid":11972,"level":20,"msg":"Generator: \u001b[35mtag\u001b[39m","time":"2018-09-07T10:23:25.822Z","v":0}
{"name":"hexo","hostname":"JDWEB","pid":11972,"level":20,"msg":"Generator: \u001b[35mjson-content\u001b[39m","time":"2018-09-07T10:23:25.823Z","v":0}
{"name":"hexo","hostname":"JDWEB","pid":11972,"level":20,"msg":"Generator: \u001b[35masset\u001b[39m","time":"2018-09-07T10:23:25.824Z","v":0}
{"name":"hexo","hostname":"JDWEB","pid":11972,"level":20,"msg":"Rendering post: \u001b[35m2018/09/06/单点登录的实现方式/index.html\u001b[39m","time":"2018-09-07T10:23:39.698Z","v":0}
{"name":"hexo","hostname":"JDWEB","pid":11972,"level":20,"msg":"Processed: \u001b[35mimg/sso_001.png\u001b[39m","time":"2018-09-07T10:23:39.810Z","v":0}
{"name":"hexo","hostname":"JDWEB","pid":11972,"level":20,"msg":"Generator: \u001b[35mpage\u001b[39m","time":"2018-09-07T10:23:39.972Z","v":0}
{"name":"hexo","hostname":"JDWEB","pid":11972,"level":20,"msg":"Generator: \u001b[35mpost\u001b[39m","time":"2018-09-07T10:23:39.973Z","v":0}
{"name":"hexo","hostname":"JDWEB","pid":11972,"level":20,"msg":"Generator: \u001b[35marchive\u001b[39m","time":"2018-09-07T10:23:39.973Z","v":0}
{"name":"hexo","hostname":"JDWEB","pid":11972,"level":20,"msg":"Generator: \u001b[35mcategory\u001b[39m","time":"2018-09-07T10:23:39.974Z","v":0}
{"name":"hexo","hostname":"JDWEB","pid":11972,"level":20,"msg":"Generator: \u001b[35mindex\u001b[39m","time":"2018-09-07T10:23:39.974Z","v":0}
{"name":"hexo","hostname":"JDWEB","pid":11972,"level":20,"msg":"Generator: \u001b[35mtag\u001b[39m","time":"2018-09-07T10:23:39.974Z","v":0}
{"name":"hexo","hostname":"JDWEB","pid":11972,"level":20,"msg":"Generator: \u001b[35mjson-content\u001b[39m","time":"2018-09-07T10:23:39.975Z","v":0}
{"name":"hexo","hostname":"JDWEB","pid":11972,"level":20,"msg":"Generator: \u001b[35masset\u001b[39m","time":"2018-09-07T10:23:39.976Z","v":0}
{"name":"hexo","hostname":"JDWEB","pid":11972,"level":20,"msg":"Processed: \u001b[35mimg/sso_002.png\u001b[39m","time":"2018-09-07T10:23:40.162Z","v":0}
{"name":"hexo","hostname":"JDWEB","pid":11972,"level":20,"msg":"Processed: \u001b[35mimg/debug.log\u001b[39m","time":"2018-09-07T10:23:40.166Z","v":0}
{"name":"hexo","hostname":"JDWEB","pid":11972,"level":20,"msg":"Generator: \u001b[35mpage\u001b[39m","time":"2018-09-07T10:23:40.290Z","v":0}
{"name":"hexo","hostname":"JDWEB","pid":11972,"level":20,"msg":"Generator: \u001b[35mpost\u001b[39m","time":"2018-09-07T10:23:40.290Z","v":0}
{"name":"hexo","hostname":"JDWEB","pid":11972,"level":20,"msg":"Generator: \u001b[35marchive\u001b[39m","time":"2018-09-07T10:23:40.290Z","v":0}
{"name":"hexo","hostname":"JDWEB","pid":11972,"level":20,"msg":"Generator: \u001b[35mcategory\u001b[39m","time":"2018-09-07T10:23:40.291Z","v":0}
{"name":"hexo","hostname":"JDWEB","pid":11972,"level":20,"msg":"Generator: \u001b[35mindex\u001b[39m","time":"2018-09-07T10:23:40.291Z","v":0}
{"name":"hexo","hostname":"JDWEB","pid":11972,"level":20,"msg":"Generator: \u001b[35mtag\u001b[39m","time":"2018-09-07T10:23:40.291Z","v":0}
{"name":"hexo","hostname":"JDWEB","pid":11972,"level":20,"msg":"Generator: \u001b[35mjson-content\u001b[39m","time":"2018-09-07T10:23:40.291Z","v":0}
{"name":"hexo","hostname":"JDWEB","pid":11972,"level":20,"msg":"Generator: \u001b[35masset\u001b[39m","time":"2018-09-07T10:23:40.292Z","v":0}
{"name":"hexo","hostname":"JDWEB","pid":11972,"level":20,"msg":"Rendering index: \u001b[35mindex.html\u001b[39m","time":"2018-09-07T10:23:54.071Z","v":0}
{"name":"hexo","hostname":"JDWEB","pid":11972,"level":30,"msg":"Bye!","time":"2018-09-07T10:24:16.991Z","v":0}
{"name":"hexo","hostname":"JDWEB","pid":11972,"level":20,"msg":"Database saved","time":"2018-09-07T10:24:17.037Z","v":0}
